12:47:48.709 [main] INFO  org.testng.internal.Utils [TestNG] Running:
  C:\Users\Administrator\eclipse-workspace\OpenCartv121\grouping.xml

12:50:00.973 [main] INFO  org.testng.internal.Utils [TestNG] Running:
  C:\Users\Administrator\eclipse-workspace\OpenCartv121\grouping.xml

12:50:15.301 [main] INFO  org.testng.internal.Utils [TestNG] Running:
  C:\Users\Administrator\eclipse-workspace\OpenCartv121\grouping.xml

12:50:17.512 [main] INFO  testCases.TC001_AccountRegistrationPage ***************** Starting TC001_AccountRegistrationTest ************************
12:50:17.648 [main] INFO  testCases.TC001_AccountRegistrationPage Clicked on My account link
12:50:18.104 [main] INFO  testCases.TC001_AccountRegistrationPage Clicked on Register link
12:50:18.107 [main] INFO  testCases.TC001_AccountRegistrationPage Providing customer details......
12:50:20.033 [main] INFO  testCases.TC001_AccountRegistrationPage Validating expecting message
12:50:20.064 [main] INFO  testCases.TC001_AccountRegistrationPage ************** Finished TC001_AccountRegestrtionTest **************************
12:50:21.863 [main] INFO  testCases.TC002_LoginTest ************** Starting TC_002_LoginTest *************************
12:51:05.317 [main] INFO  org.testng.internal.Utils [TestNG] Running:
  C:\Users\Administrator\eclipse-workspace\OpenCartv121\grouping.xml

12:51:47.116 [main] INFO  org.testng.internal.Utils [TestNG] Running:
  C:\Users\Administrator\eclipse-workspace\OpenCartv121\grouping.xml

12:51:49.701 [main] INFO  testCases.TC002_LoginTest ************** Starting TC_002_LoginTest *************************
13:26:12.568 [main] INFO  org.testng.internal.Utils [TestNG] Running:
  C:\Users\Administrator\eclipse-workspace\OpenCartv121\grouping.xml

13:26:16.514 [main] INFO  testCases.TC002_LoginTest ************** Starting TC_002_LoginTest *************************
13:27:51.106 [main] INFO  org.testng.internal.Utils [TestNG] Running:
  C:\Users\Administrator\eclipse-workspace\OpenCartv121\grouping.xml

13:27:53.933 [main] INFO  testCases.TC001_AccountRegistrationPage ***************** Starting TC001_AccountRegistrationTest ************************
13:27:54.058 [main] INFO  testCases.TC001_AccountRegistrationPage Clicked on My account link
13:27:54.695 [main] INFO  testCases.TC001_AccountRegistrationPage Clicked on Register link
13:27:54.697 [main] INFO  testCases.TC001_AccountRegistrationPage Providing customer details......
13:27:56.611 [main] INFO  testCases.TC001_AccountRegistrationPage Validating expecting message
13:27:56.643 [main] INFO  testCases.TC001_AccountRegistrationPage ************** Finished TC001_AccountRegestrtionTest **************************
13:27:58.496 [main] INFO  testCases.TC002_LoginTest ************** Starting TC_002_LoginTest *************************
13:28:21.649 [main] INFO  org.testng.internal.Utils [TestNG] Running:
  C:\Users\Administrator\eclipse-workspace\OpenCartv121\grouping.xml

13:28:24.214 [main] INFO  testCases.TC001_AccountRegistrationPage ***************** Starting TC001_AccountRegistrationTest ************************
13:28:24.341 [main] INFO  testCases.TC001_AccountRegistrationPage Clicked on My account link
13:28:24.719 [main] INFO  testCases.TC001_AccountRegistrationPage Clicked on Register link
13:28:24.721 [main] INFO  testCases.TC001_AccountRegistrationPage Providing customer details......
13:28:26.838 [main] INFO  testCases.TC001_AccountRegistrationPage Validating expecting message
13:28:26.873 [main] INFO  testCases.TC001_AccountRegistrationPage ************** Finished TC001_AccountRegestrtionTest **************************
13:28:28.755 [main] INFO  testCases.TC002_LoginTest ************** Starting TC_002_LoginTest *************************
13:30:46.111 [main] INFO  org.testng.internal.Utils [TestNG] Running:
  C:\Users\Administrator\eclipse-workspace\OpenCartv121\grouping.xml

13:30:49.039 [main] INFO  testCases.TC001_AccountRegistrationPage ***************** Starting TC001_AccountRegistrationTest ************************
13:30:49.173 [main] INFO  testCases.TC001_AccountRegistrationPage Clicked on My account link
13:30:49.669 [main] INFO  testCases.TC001_AccountRegistrationPage Clicked on Register link
13:30:49.674 [main] INFO  testCases.TC001_AccountRegistrationPage Providing customer details......
13:30:52.571 [main] INFO  testCases.TC001_AccountRegistrationPage Validating expecting message
13:30:52.628 [main] INFO  testCases.TC001_AccountRegistrationPage ************** Finished TC001_AccountRegestrtionTest **************************
13:30:54.450 [main] INFO  testCases.TC002_LoginTest ************** Starting TC_002_LoginTest *************************
14:58:28.141 [main] INFO  org.testng.internal.Utils [TestNG] Running:
  C:\Users\Administrator\eclipse-workspace\OpenCartv121\grouping.xml

14:58:32.387 [main] INFO  testCases.TC001_AccountRegistrationPage ***************** Starting TC001_AccountRegistrationTest ************************
14:58:32.509 [main] INFO  testCases.TC001_AccountRegistrationPage Clicked on My account link
