18:55:40.709 [main] INFO  testCases.TC001_AccountRegistrationPage Clicked on My account link
18:55:41.132 [main] INFO  testCases.TC001_AccountRegistrationPage Clicked on Register link
18:55:41.134 [main] INFO  testCases.TC001_AccountRegistrationPage Providing customer details......
18:55:42.232 [main] INFO  testCases.TC001_AccountRegistrationPage Validating expecting message
18:55:42.257 [main] INFO  testCases.TC001_AccountRegistrationPage ************** Finished TC001_AccountRegestrtionTest **************************
19:11:59.259 [main] INFO  org.testng.internal.Utils [TestNG] Running:
  C:\Users\Administrator\eclipse-workspace\OpenCartv121\CrossBrowserTesting.xml

19:12:03.706 [TestNG-tests-1] INFO  testCases.TC001_AccountRegistrationPage ***************** Starting TC001_AccountRegistrationTest ************************
19:12:03.706 [TestNG-tests-2] INFO  testCases.TC001_AccountRegistrationPage ***************** Starting TC001_AccountRegistrationTest ************************
19:12:04.123 [TestNG-tests-1] INFO  testCases.TC001_AccountRegistrationPage Clicked on My account link
19:12:04.192 [TestNG-tests-2] INFO  testCases.TC001_AccountRegistrationPage Clicked on My account link
19:12:04.855 [TestNG-tests-1] INFO  testCases.TC001_AccountRegistrationPage Clicked on Register link
19:12:04.857 [TestNG-tests-1] INFO  testCases.TC001_AccountRegistrationPage Providing customer details......
19:12:04.959 [TestNG-tests-2] INFO  testCases.TC001_AccountRegistrationPage Clicked on Register link
19:12:04.960 [TestNG-tests-2] INFO  testCases.TC001_AccountRegistrationPage Providing customer details......
19:12:06.157 [TestNG-tests-3] INFO  testCases.TC001_AccountRegistrationPage ***************** Starting TC001_AccountRegistrationTest ************************
19:12:06.312 [TestNG-tests-3] INFO  testCases.TC001_AccountRegistrationPage Clicked on My account link
19:12:06.924 [TestNG-tests-3] INFO  testCases.TC001_AccountRegistrationPage Clicked on Register link
19:12:06.924 [TestNG-tests-3] INFO  testCases.TC001_AccountRegistrationPage Providing customer details......
19:12:08.709 [TestNG-tests-1] INFO  testCases.TC001_AccountRegistrationPage Validating expecting message
19:12:08.814 [TestNG-tests-1] INFO  testCases.TC001_AccountRegistrationPage ************** Finished TC001_AccountRegestrtionTest **************************
19:12:09.410 [TestNG-tests-2] INFO  testCases.TC001_AccountRegistrationPage Validating expecting message
19:12:09.421 [TestNG-tests-3] INFO  testCases.TC001_AccountRegistrationPage Validating expecting message
19:12:09.448 [TestNG-tests-3] INFO  testCases.TC001_AccountRegistrationPage ************** Finished TC001_AccountRegestrtionTest **************************
19:12:09.466 [TestNG-tests-2] INFO  testCases.TC001_AccountRegistrationPage ************** Finished TC001_AccountRegestrtionTest **************************
19:12:23.212 [main] INFO  org.testng.internal.Utils [TestNG] Running:
  C:\Users\Administrator\eclipse-workspace\OpenCartv121\CrossBrowserTesting.xml

19:12:26.181 [TestNG-tests-1] INFO  testCases.TC001_AccountRegistrationPage ***************** Starting TC001_AccountRegistrationTest ************************
19:12:26.191 [TestNG-tests-2] INFO  testCases.TC001_AccountRegistrationPage ***************** Starting TC001_AccountRegistrationTest ************************
19:12:26.726 [TestNG-tests-1] INFO  testCases.TC001_AccountRegistrationPage Clicked on My account link
19:12:26.770 [TestNG-tests-2] INFO  testCases.TC001_AccountRegistrationPage Clicked on My account link
19:12:27.236 [TestNG-tests-1] INFO  testCases.TC001_AccountRegistrationPage Clicked on Register link
19:12:27.240 [TestNG-tests-1] INFO  testCases.TC001_AccountRegistrationPage Providing customer details......
19:12:27.355 [TestNG-tests-2] INFO  testCases.TC001_AccountRegistrationPage Clicked on Register link
19:12:27.357 [TestNG-tests-2] INFO  testCases.TC001_AccountRegistrationPage Providing customer details......
19:12:29.342 [TestNG-tests-1] INFO  testCases.TC001_AccountRegistrationPage Validating expecting message
19:12:29.398 [TestNG-tests-1] INFO  testCases.TC001_AccountRegistrationPage ************** Finished TC001_AccountRegestrtionTest **************************
19:12:29.561 [TestNG-tests-2] INFO  testCases.TC001_AccountRegistrationPage Validating expecting message
19:12:29.633 [TestNG-tests-2] INFO  testCases.TC001_AccountRegistrationPage ************** Finished TC001_AccountRegestrtionTest **************************
19:12:30.904 [TestNG-tests-3] INFO  testCases.TC001_AccountRegistrationPage ***************** Starting TC001_AccountRegistrationTest ************************
19:12:31.008 [TestNG-tests-3] INFO  testCases.TC001_AccountRegistrationPage Clicked on My account link
19:12:31.511 [TestNG-tests-3] INFO  testCases.TC001_AccountRegistrationPage Clicked on Register link
19:12:31.511 [TestNG-tests-3] INFO  testCases.TC001_AccountRegistrationPage Providing customer details......
19:12:32.743 [TestNG-tests-3] INFO  testCases.TC001_AccountRegistrationPage Validating expecting message
