20:18:29.433 [main] INFO  org.testng.internal.Utils [TestNG] Running:
  C:\Users\Administrator\eclipse-workspace\OpenCartv121\master.xml

20:18:29.641 [main] INFO  testCases.TC001_AccountRegistrationPage ***************** Starting TC001_AccountRegistrationTest ************************
20:21:27.021 [main] INFO  org.testng.internal.Utils [TestNG] Running:
  C:\Users\Administrator\eclipse-workspace\OpenCartv121\master.xml

20:21:32.780 [main] INFO  testCases.TC001_AccountRegistrationPage ***************** Starting TC001_AccountRegistrationTest ************************
20:21:32.941 [main] INFO  testCases.TC001_AccountRegistrationPage Clicked on My account link
20:21:33.521 [main] INFO  testCases.TC001_AccountRegistrationPage Clicked on Register link
20:21:33.524 [main] INFO  testCases.TC001_AccountRegistrationPage Providing customer details......
20:21:35.215 [main] INFO  testCases.TC001_AccountRegistrationPage Validating expecting message
20:21:35.281 [main] INFO  testCases.TC001_AccountRegistrationPage ************** Finished TC001_AccountRegestrtionTest **************************
20:21:36.961 [main] INFO  testCases.TC002_LoginTest ************** Starting TC_002_LoginTest *************************
12:05:00.988 [main] INFO  testCases.TC001_AccountRegistrationPage ***************** Starting TC001_AccountRegistrationTest ************************
12:05:01.133 [main] INFO  testCases.TC001_AccountRegistrationPage Clicked on My account link
12:05:01.602 [main] INFO  testCases.TC001_AccountRegistrationPage Clicked on Register link
12:05:01.637 [main] INFO  testCases.TC001_AccountRegistrationPage Providing customer details......
12:05:07.675 [main] INFO  testCases.TC001_AccountRegistrationPage Validating expecting message
12:05:07.710 [main] INFO  testCases.TC001_AccountRegistrationPage ************** Finished TC001_AccountRegestrtionTest **************************
12:05:10.165 [main] INFO  testCases.TC002_LoginTest ************** Starting TC_002_LoginTest *************************
12:06:19.453 [main] INFO  testCases.TC001_AccountRegistrationPage ***************** Starting TC001_AccountRegistrationTest ************************
12:06:19.586 [main] INFO  testCases.TC001_AccountRegistrationPage Clicked on My account link
12:06:20.077 [main] INFO  testCases.TC001_AccountRegistrationPage Clicked on Register link
12:06:20.079 [main] INFO  testCases.TC001_AccountRegistrationPage Providing customer details......
12:06:21.889 [main] INFO  testCases.TC001_AccountRegistrationPage Validating expecting message
12:06:21.933 [main] INFO  testCases.TC001_AccountRegistrationPage ************** Finished TC001_AccountRegestrtionTest **************************
12:06:24.162 [main] INFO  testCases.TC002_LoginTest ************** Starting TC_002_LoginTest *************************
12:11:29.585 [main] INFO  testCases.TC001_AccountRegistrationPage ***************** Starting TC001_AccountRegistrationTest ************************
12:11:29.730 [main] INFO  testCases.TC001_AccountRegistrationPage Clicked on My account link
12:11:30.257 [main] INFO  testCases.TC001_AccountRegistrationPage Clicked on Register link
12:11:30.261 [main] INFO  testCases.TC001_AccountRegistrationPage Providing customer details......
12:11:31.762 [main] INFO  testCases.TC001_AccountRegistrationPage Validating expecting message
12:11:32.834 [main] INFO  testCases.TC001_AccountRegistrationPage ************** Finished TC001_AccountRegestrtionTest **************************
12:11:35.302 [main] INFO  testCases.TC002_LoginTest ************** Starting TC_002_LoginTest *************************
12:12:45.242 [main] INFO  testCases.TC001_AccountRegistrationPage ***************** Starting TC001_AccountRegistrationTest ************************
12:12:45.375 [main] INFO  testCases.TC001_AccountRegistrationPage Clicked on My account link
12:12:45.762 [main] INFO  testCases.TC001_AccountRegistrationPage Clicked on Register link
12:12:45.764 [main] INFO  testCases.TC001_AccountRegistrationPage Providing customer details......
12:12:47.625 [main] INFO  testCases.TC001_AccountRegistrationPage Validating expecting message
12:12:47.711 [main] INFO  testCases.TC001_AccountRegistrationPage ************** Finished TC001_AccountRegestrtionTest **************************
12:12:50.093 [main] INFO  testCases.TC002_LoginTest ************** Starting TC_002_LoginTest *************************
12:40:08.575 [main] INFO  testCases.TC001_AccountRegistrationPage ***************** Starting TC001_AccountRegistrationTest ************************
12:40:08.703 [main] INFO  testCases.TC001_AccountRegistrationPage Clicked on My account link
12:40:09.754 [main] INFO  testCases.TC001_AccountRegistrationPage Clicked on Register link
12:40:09.760 [main] INFO  testCases.TC001_AccountRegistrationPage Providing customer details......
12:40:11.917 [main] INFO  testCases.TC001_AccountRegistrationPage Validating expecting message
12:40:11.966 [main] INFO  testCases.TC001_AccountRegistrationPage ************** Finished TC001_AccountRegestrtionTest **************************
